<?xml version="1.0" encoding="UTF-8"?>
<!-- Generated by org.testng.reporters.JUnitReportReporter -->
<testsuite hostname="DESKTOP-JB98JG1" failures="0" tests="3" name="ArithmeticOperations.Assignment3.ArithmeticOperationTest" time="0.011" errors="0" timestamp="2021-04-23T13:10:58 PDT" skipped="0">
  <testcase classname="ArithmeticOperations.Assignment3.ArithmeticOperationTest" name="TestAddtion" time="0.006"/>
  <system-out/>
  <testcase classname="ArithmeticOperations.Assignment3.ArithmeticOperationTest" name="TestAddtion" time="0.002"/>
  <system-out/>
  <testcase classname="ArithmeticOperations.Assignment3.ArithmeticOperationTest" name="TestAddtion" time="0.003"/>
  <system-out/>
</testsuite> <!-- ArithmeticOperations.Assignment3.ArithmeticOperationTest -->
